[TRAIN_SCHEMA] backtest_reference=snapshot_canonical(files=3 rows=6)
[TRAIN_SCHEMA] elo_diff fallback source=snapshot_canonical(files=3 rows=6) matched_rows=6/540
[TRAIN_SCHEMA] league=j2 source=/Users/dev_tomo/Desktop/tt_prj_restart/backtest_j2_2026_rounds.csv rows=6
[CLASS_WEIGHT_CONFIG] league=j2 class_weight=balanced alpha=1.000 (cli_weight=auto cli_alpha=None)
[FEATURE_SET] league=j2 feature_profile=j2_core features=['elo_diff_for_prob', 'abs_elo_diff_for_prob']
[CLASS_MAP] order=['H', 'D', 'A'] mapping={'H': 0, 'D': 1, 'A': 2}
[Y_DIST] league=j2 feature_profile=j2_core split=train rows=4 H=0.0% (0) D=100.0% (4) A=0.0% (0)
[Y_DIST] league=j2 feature_profile=j2_core split=valid rows=2 H=0.0% (0) D=100.0% (2) A=0.0% (0)
[GRID] league=j2 feature_profile=j2_core start l2=0.010000
[TRAIN_LOSS] iter=10 loss=0.000446
[TRAIN_LOSS] iter=20 loss=0.000001
[TRAIN_LOSS] iter=30 loss=0.000000
[TRAIN_LOSS] iter=40 loss=0.000000
[TRAIN_LOSS] iter=50 loss=0.000000
[TRAIN_OPT] league=j2 feature_profile=j2_core l2=0.010000 status=0 success=1 iters=50 final_loss=0.000000 grad_norm=2.404633e-08 gtol=1.0e-10 ftol=1.0e-12 class_weight=balanced alpha=1.000 class_w=[2.0, 0.5, 2.0]
[LOGITS_STATS] league=j2 feature_profile=j2_core split=valid l2=0.010000 H(min/p50/max)=-9.349/-9.349/-9.349 D(min/p50/max)=18.697/18.697/18.697 A(min/p50/max)=-9.349/-9.349/-9.349 max_abs=18.697
[PRED_DIST] league=j2 feature_profile=j2_core split=valid_pred rows=2 pred_H=0.0% (0) pred_D=100.0% (2) pred_A=0.0% (0)
[WARN_PRED_COLLAPSE] league=j2 feature_profile=j2_core split=valid_pred max_class_share_pct=100.0 threshold=95.0
[GRID_EVAL] league=j2 feature_profile=j2_core l2=0.010000 accuracy=1.0000 logloss=0.000000 avg_prob_draw=1.000 actual_D_rate=1.000 draw_diff_pp=-0.00
[PROB_DRAW_DIST:BACKTEST] league=j2 feature_profile=j2_core l2=0.010000 min=1.000 p50=1.000 p95=1.000 max=1.000
[GRID] league=j2 feature_profile=j2_core start l2=0.030000
[TRAIN_LOSS] iter=10 loss=0.000446
[TRAIN_LOSS] iter=20 loss=0.000001
[TRAIN_LOSS] iter=30 loss=0.000000
[TRAIN_LOSS] iter=40 loss=0.000000
[TRAIN_LOSS] iter=50 loss=0.000000
[TRAIN_OPT] league=j2 feature_profile=j2_core l2=0.030000 status=0 success=1 iters=50 final_loss=0.000000 grad_norm=1.523749e-07 gtol=1.0e-10 ftol=1.0e-12 class_weight=balanced alpha=1.000 class_w=[2.0, 0.5, 2.0]
[LOGITS_STATS] league=j2 feature_profile=j2_core split=valid l2=0.030000 H(min/p50/max)=-6.814/-6.814/-6.814 D(min/p50/max)=13.629/13.629/13.629 A(min/p50/max)=-6.814/-6.814/-6.814 max_abs=13.629
[PRED_DIST] league=j2 feature_profile=j2_core split=valid_pred rows=2 pred_H=0.0% (0) pred_D=100.0% (2) pred_A=0.0% (0)
[WARN_PRED_COLLAPSE] league=j2 feature_profile=j2_core split=valid_pred max_class_share_pct=100.0 threshold=95.0
[GRID_EVAL] league=j2 feature_profile=j2_core l2=0.030000 accuracy=1.0000 logloss=0.000000 avg_prob_draw=1.000 actual_D_rate=1.000 draw_diff_pp=-0.00
[PROB_DRAW_DIST:BACKTEST] league=j2 feature_profile=j2_core l2=0.030000 min=1.000 p50=1.000 p95=1.000 max=1.000
[GRID] league=j2 feature_profile=j2_core start l2=0.100000
[TRAIN_LOSS] iter=10 loss=0.000446
[TRAIN_LOSS] iter=20 loss=0.000003
[TRAIN_LOSS] iter=30 loss=0.000000
[TRAIN_LOSS] iter=40 loss=0.000000
[TRAIN_LOSS] iter=50 loss=0.000000
[TRAIN_OPT] league=j2 feature_profile=j2_core l2=0.100000 status=0 success=1 iters=50 final_loss=0.000000 grad_norm=9.423656e-08 gtol=1.0e-10 ftol=1.0e-12 class_weight=balanced alpha=1.000 class_w=[2.0, 0.5, 2.0]
[LOGITS_STATS] league=j2 feature_profile=j2_core split=valid l2=0.100000 H(min/p50/max)=-9.204/-9.204/-9.204 D(min/p50/max)=18.407/18.407/18.407 A(min/p50/max)=-9.204/-9.204/-9.204 max_abs=18.407
[PRED_DIST] league=j2 feature_profile=j2_core split=valid_pred rows=2 pred_H=0.0% (0) pred_D=100.0% (2) pred_A=0.0% (0)
[WARN_PRED_COLLAPSE] league=j2 feature_profile=j2_core split=valid_pred max_class_share_pct=100.0 threshold=95.0
[GRID_EVAL] league=j2 feature_profile=j2_core l2=0.100000 accuracy=1.0000 logloss=0.000000 avg_prob_draw=1.000 actual_D_rate=1.000 draw_diff_pp=-0.00
[PROB_DRAW_DIST:BACKTEST] league=j2 feature_profile=j2_core l2=0.100000 min=1.000 p50=1.000 p95=1.000 max=1.000
[GRID] league=j2 feature_profile=j2_core start l2=0.300000
[TRAIN_LOSS] iter=10 loss=0.000446
[TRAIN_LOSS] iter=20 loss=0.000003
[TRAIN_LOSS] iter=30 loss=0.000000
[TRAIN_LOSS] iter=40 loss=0.000000
[TRAIN_LOSS] iter=50 loss=0.000000
[TRAIN_OPT] league=j2 feature_profile=j2_core l2=0.300000 status=0 success=1 iters=50 final_loss=0.000000 grad_norm=1.406650e-08 gtol=1.0e-10 ftol=1.0e-12 class_weight=balanced alpha=1.000 class_w=[2.0, 0.5, 2.0]
[LOGITS_STATS] league=j2 feature_profile=j2_core split=valid l2=0.300000 H(min/p50/max)=-7.474/-7.474/-7.474 D(min/p50/max)=14.948/14.948/14.948 A(min/p50/max)=-7.474/-7.474/-7.474 max_abs=14.948
[PRED_DIST] league=j2 feature_profile=j2_core split=valid_pred rows=2 pred_H=0.0% (0) pred_D=100.0% (2) pred_A=0.0% (0)
[WARN_PRED_COLLAPSE] league=j2 feature_profile=j2_core split=valid_pred max_class_share_pct=100.0 threshold=95.0
[GRID_EVAL] league=j2 feature_profile=j2_core l2=0.300000 accuracy=1.0000 logloss=0.000000 avg_prob_draw=1.000 actual_D_rate=1.000 draw_diff_pp=-0.00
[PROB_DRAW_DIST:BACKTEST] league=j2 feature_profile=j2_core l2=0.300000 min=1.000 p50=1.000 p95=1.000 max=1.000
[GRID] league=j2 feature_profile=j2_core start l2=1.000000
[TRAIN_LOSS] iter=10 loss=0.000664
[TRAIN_LOSS] iter=20 loss=0.000002
[TRAIN_LOSS] iter=30 loss=0.000000
[TRAIN_LOSS] iter=40 loss=0.000000
[TRAIN_LOSS] iter=50 loss=0.000000
[TRAIN_OPT] league=j2 feature_profile=j2_core l2=1.000000 status=0 success=1 iters=50 final_loss=0.000000 grad_norm=3.793977e-07 gtol=1.0e-10 ftol=1.0e-12 class_weight=balanced alpha=1.000 class_w=[2.0, 0.5, 2.0]
[LOGITS_STATS] league=j2 feature_profile=j2_core split=valid l2=1.000000 H(min/p50/max)=-7.802/-7.802/-7.802 D(min/p50/max)=15.605/15.605/15.605 A(min/p50/max)=-7.802/-7.802/-7.802 max_abs=15.605
[PRED_DIST] league=j2 feature_profile=j2_core split=valid_pred rows=2 pred_H=0.0% (0) pred_D=100.0% (2) pred_A=0.0% (0)
[WARN_PRED_COLLAPSE] league=j2 feature_profile=j2_core split=valid_pred max_class_share_pct=100.0 threshold=95.0
[GRID_EVAL] league=j2 feature_profile=j2_core l2=1.000000 accuracy=1.0000 logloss=0.000000 avg_prob_draw=1.000 actual_D_rate=1.000 draw_diff_pp=-0.00
[PROB_DRAW_DIST:BACKTEST] league=j2 feature_profile=j2_core l2=1.000000 min=1.000 p50=1.000 p95=1.000 max=1.000
[GRID] league=j2 feature_profile=j2_core start l2=3.000000
[TRAIN_LOSS] iter=10 loss=0.000651
[TRAIN_LOSS] iter=20 loss=0.000005
[TRAIN_LOSS] iter=30 loss=0.000000
[TRAIN_LOSS] iter=40 loss=0.000000
[TRAIN_LOSS] iter=50 loss=0.000000
[TRAIN_OPT] league=j2 feature_profile=j2_core l2=3.000000 status=0 success=1 iters=50 final_loss=0.000000 grad_norm=1.460910e-07 gtol=1.0e-10 ftol=1.0e-12 class_weight=balanced alpha=1.000 class_w=[2.0, 0.5, 2.0]
[LOGITS_STATS] league=j2 feature_profile=j2_core split=valid l2=3.000000 H(min/p50/max)=-8.381/-8.381/-8.381 D(min/p50/max)=16.761/16.761/16.761 A(min/p50/max)=-8.381/-8.381/-8.381 max_abs=16.761
[PRED_DIST] league=j2 feature_profile=j2_core split=valid_pred rows=2 pred_H=0.0% (0) pred_D=100.0% (2) pred_A=0.0% (0)
[WARN_PRED_COLLAPSE] league=j2 feature_profile=j2_core split=valid_pred max_class_share_pct=100.0 threshold=95.0
[GRID_EVAL] league=j2 feature_profile=j2_core l2=3.000000 accuracy=1.0000 logloss=0.000000 avg_prob_draw=1.000 actual_D_rate=1.000 draw_diff_pp=-0.00
[PROB_DRAW_DIST:BACKTEST] league=j2 feature_profile=j2_core l2=3.000000 min=1.000 p50=1.000 p95=1.000 max=1.000
[GRID_BEST] league=j2 feature_profile=j2_core l2=0.010000 logloss=0.000000 accuracy=1.0000
[LOGITS_STATS] league=j2 feature_profile=j2_core split=valid_best l2=0.010000 H(min/p50/max)=-9.349/-9.349/-9.349 D(min/p50/max)=18.697/18.697/18.697 A(min/p50/max)=-9.349/-9.349/-9.349 max_abs=18.697
[PRED_DIST] league=j2 feature_profile=j2_core split=valid_best_pred rows=2 pred_H=0.0% (0) pred_D=100.0% (2) pred_A=0.0% (0)
[WARN_PRED_COLLAPSE] league=j2 feature_profile=j2_core split=valid_best_pred max_class_share_pct=100.0 threshold=95.0
[TRAIN_EVAL] league=j2 feature_profile=j2_core rows=6 train=4 test=2 accuracy=1.0000 logloss=0.000000
[TRAIN_EVAL] confusion_matrix rows=actual(H,D,A) cols=pred(H,D,A)
[TRAIN_EVAL] league=j2 feature_profile=j2_core confusion=[[0, 0, 0], [0, 2, 0], [0, 0, 0]]
[TRAIN_EVAL] league=j2 feature_profile=j2_core confusion_named={"H": {"H": 0, "D": 0, "A": 0}, "D": {"H": 0, "D": 2, "A": 0}, "A": {"H": 0, "D": 0, "A": 0}}
[BASELINE_CONFIG] league=j2 feature_profile=j2_core type=always_H_smoothed eps=1.0e-06 formula=P(H)=1-eps,P(D)=eps/2,P(A)=eps/2
[BASELINE] league=j2 feature_profile=j2_core type=always_H accuracy=0.0000 logloss=14.508658
[TRAIN_LOSS] iter=10 loss=0.000446
[TRAIN_LOSS] iter=20 loss=0.000000
[TRAIN_LOSS] iter=30 loss=0.000000
[TRAIN_LOSS] iter=40 loss=0.000000
[TRAIN_LOSS] iter=50 loss=0.000000
[INTERCEPT_ONLY_EVAL] league=j2 feature_profile=j2_core rows=6 train=4 test=2 accuracy=1.0000 logloss=0.000000
[INTERCEPT_ONLY_OPT] league=j2 feature_profile=j2_core status=0 success=1 iters=50 final_loss=0.000000 grad_norm=6.511309e-11
[PROB_DRAW_DIST:INTERCEPT_ONLY:j2:j2_core] rows=2 min=1.000 p05=1.000 p25=1.000 p50=1.000 p75=1.000 p95=1.000 max=1.000
[WARN] league=j2 feature_profile=j2_core model is close to intercept-only baseline (delta_logloss=0.000000, delta_acc=0.0000)
[TRAIN_PROB_CHECK] league=j2 feature_profile=j2_core rows=6 prob_draw_argmax_count=6 prob_draw_ge_0.23_count=6
[GRID_BEST_CHECK] league=j2 feature_profile=j2_core best_logloss=0.000000 grid_min_logloss=0.000000 status=ok
[GRID_OUT] league=j2 feature_profile=j2_core csv=/Users/dev_tomo/Desktop/tt_prj_restart/data/models/hda_multinom_grid_2026_j2__j2_core.csv
[TRAIN_OUT] league=j2 feature_profile=j2_core model=/Users/dev_tomo/Desktop/tt_prj_restart/data/models/hda_multinom_train2026_j2__j2_core.joblib
[TRAIN_OUT] league=j2 feature_profile=j2_core metrics=/Users/dev_tomo/Desktop/tt_prj_restart/data/models/hda_multinom_train2026_j2__j2_core.metrics.json
[MODEL_EVAL] league=j2 feature_profile=j2_core rows=6
[CLASS_MAP] order=['H', 'D', 'A'] mapping={'H': 0, 'D': 1, 'A': 2}
[Y_DIST] league=j2 feature_profile=j2_core split=eval_actual rows=6 H=0.0% (0) D=100.0% (6) A=0.0% (0)
[PRED_DIST] league=j2 feature_profile=j2_core split=eval_pred rows=6 pred_H=0.0% (0) pred_D=100.0% (6) pred_A=0.0% (0)
[WARN_PRED_COLLAPSE] league=j2 feature_profile=j2_core split=eval_pred max_class_share_pct=100.0 threshold=95.0
[LOGITS_STATS] league=j2 feature_profile=j2_core split=eval H(min/p50/max)=-9.349/-9.349/-9.349 D(min/p50/max)=18.697/18.697/18.697 A(min/p50/max)=-9.349/-9.349/-9.349 max_abs=18.697
[ACTUAL_HDA:EVAL] league=j2 feature_profile=j2_core H=0.0% (0) D=100.0% (6) A=0.0% (0)
[PRED_HDA:EVAL] league=j2 feature_profile=j2_core H=0.0% (0) D=100.0% (6) A=0.0% (0)
[DRAW_EVAL] league=j2 feature_profile=j2_core avg_prob_draw=1.000 actual_D_rate=1.000 draw_diff_pp=-0.00
[PROB_DRAW_DIST:EVAL] league=j2 feature_profile=j2_core min=1.000 p05=1.000 p25=1.000 p50=1.000 p75=1.000 p95=1.000 max=1.000
[MAX_PROB_DIST:EVAL] league=j2 feature_profile=j2_core min=1.000 p05=1.000 p25=1.000 p50=1.000 p75=1.000 p95=1.000 max=1.000
[MODEL_EVAL_OUT] league=j2 feature_profile=j2_core path=/Users/dev_tomo/Desktop/tt_prj_restart/data/models/hda_eval_summary_j2__j2_core.json
[J1_PROFILE_DIFF] draw_diff_pp_full=-2.77 draw_diff_pp_core=-0.00 delta_pp=-2.77
