[PATH] stats snapshot(最新)を採用: /Users/dev_tomo/Desktop/tt_prj_restart/data/stats_snapshots/team_master_stats_j1_2026_asof_20260304.csv
[PATH] 採用: /Users/dev_tomo/Desktop/tt_prj_restart/data/manual/team_management_master.csv (rows=20)
[PATH] absence snapshot(最新)を採用: /Users/dev_tomo/Desktop/tt_prj_restart/data/absence_snapshots/absences_with_impact_asof_20260304.csv
[PATH] 採用: /Users/dev_tomo/Desktop/tt_prj_restart/data/j1_2026_motivation.csv (rows=20)
[PATH] weather snapshot(最新)を採用: /Users/dev_tomo/Desktop/tt_prj_restart/data/weather_snapshots/weather_features_j1_2026_asof_20260304.csv
[MODEL_CONFIG] league=j1 class_weight=none alpha=unknown baseline_eps=unknown
[CONFIG] HDA_MODEL_MODE=multinom HDA_FEATURE_PROFILE=default HDA_MODEL_EFFECTIVE=multinom HDA_MODEL_PATH=/Users/dev_tomo/Desktop/tt_prj_restart/data/models/hda_multinom_train2025_j1.joblib ENABLE_HFA=1 HFA_ELO=35.00 HFA_BASE_APPLIED=35.00 ENABLE_MATCHUP_BIAS=0 MATCHUP_BIAS_COEF=60.000 OUT=/Users/dev_tomo/Desktop/tt_prj_restart/j1_2026_predictions_hfa_on.csv FORCE=1 ELO_DIFF_SCALE=1.000 ELO_D_VALUE=700.0 HFA_PROB_WEIGHT=0.600 HOME_BASE_WIN_CAP=0.430 AWAY_WIN_PROB_FLOOR=0.250 ELO_NEUTRAL_BAND=40.0 DRAW_DECAY_SCALE=320.0 DRAW_BLEND_WEIGHT=0.600 ELO_DRAW_MIN=0.100 ELO_DRAW_MAX=0.380 ELO_DRAW_BASE=0.330 ELO_DRAW_BUMP=0.000 ELO_DRAW_DIFF_SCALE=1.000 ENFORCE_ELO_SIGN_MONOTONIC=1 DRAW_ASSIGN_BY_EXPECTATION=1 DRAW_EXPECTATION_MULTIPLIER=1.000
[HFA_APPLY_PATH] active_path=compute_probabilities_and_result:elo_diff_for_prob (single source of HFA addition)
前年データを読み込みました: /Users/dev_tomo/Desktop/tt_prj_restart/data/j1_2025_latest_results.csv
[SCORE_ENRICH] source=/Users/dev_tomo/Desktop/tt_prj_restart/data/j1_2026_latest_results.csv filled_by_match_id=30 filled_by_key=0 scored_rows=0->15
[MERGE_QC] チーム名差分: matches_only=1 CSV保存 -> /Users/dev_tomo/Desktop/tt_prj_restart/data/reports/merge_qc/j1_2026/team_name_diff_matches_vs_stats.csv
[MERGE_QC] 正規化後チーム名差分: matches_only=1 CSV保存 -> /Users/dev_tomo/Desktop/tt_prj_restart/data/reports/merge_qc/j1_2026/team_name_diff_matches_vs_stats_after_canonical.csv
[MERGE_QC][WARN] fatigue: 右側重複キー=173 -> 最後の行を採用して重複排除
[MERGE_QC] fatigue_future left_before: rows=160 unique_keys=160 duplicate_keys=0 keys=['datetime', 'home_team', 'away_team']
[MERGE_QC] fatigue_future right: rows=575 unique_keys=575 duplicate_keys=0 keys=['datetime', 'home_team', 'away_team']
[MERGE_QC] fatigue_future result: rows_before=160 rows_after=160 delta=0 validate=one_to_one indicator={'both': 158, 'left_only': 2, 'right_only': 0}
[MERGE_QC][WARN] fatigue_future: left_only=2
               match_id home_team away_team datetime
j1_2026_00000000_名古屋_未定       名古屋        未定      NaT
 j1_2026_00000000_岡山_未定        岡山        未定      NaT
[MERGE_QC] fatigue_future: left_only CSV保存 -> /Users/dev_tomo/Desktop/tt_prj_restart/data/reports/merge_qc/j1_2026/fatigue_future_left_only.csv
[MERGE_QC] fatigue_finished left_before: rows=15 unique_keys=15 duplicate_keys=0 keys=['datetime', 'home_team', 'away_team']
[MERGE_QC] fatigue_finished right: rows=575 unique_keys=575 duplicate_keys=0 keys=['datetime', 'home_team', 'away_team']
[MERGE_QC] fatigue_finished result: rows_before=15 rows_after=15 delta=0 validate=one_to_one indicator={'both': 15, 'left_only': 0, 'right_only': 0}
[MERGE_QC] fatigue_finished: left_only=0
[MISSING_QC] after_fatigue_future: 対象カラムなし
[MISSING_QC] after_fatigue_finished: 対象カラムなし
[MERGE_QC] weather_cache_future left_before: rows=160 unique_keys=160 duplicate_keys=0 keys=['match_id']
[MERGE_QC] weather_cache_future right: rows=8 unique_keys=8 duplicate_keys=0 keys=['match_id']
[MERGE_QC] weather_cache_future indicator={'left_only': 152, 'both': 8, 'right_only': 0}
[MERGE_QC][WARN] weather_cache_future: left_only=152 -> /Users/dev_tomo/Desktop/tt_prj_restart/data/reports/merge_qc/j1_2026/weather_cache_future_left_only.csv
                match_id home_team away_team
j1_2026_03141300_横浜FM_千葉      横浜FM        千葉
j1_2026_03141400_水戸_FC東京        水戸      FC東京
   j1_2026_03141400_柏_町田         柏        町田
 j1_2026_03141500_鹿島_川崎Ｆ        鹿島       川崎Ｆ
 j1_2026_03141600_東京Ｖ_浦和       東京Ｖ        浦和
  j1_2026_03141400_清水_岡山        清水        岡山
 j1_2026_03141400_名古屋_神戸       名古屋        神戸
 j1_2026_03141400_京都_Ｃ大阪        京都       Ｃ大阪
 j1_2026_03141500_広島_Ｇ大阪        広島       Ｇ大阪
  j1_2026_03151400_長崎_福岡        長崎        福岡
[MERGE_QC] weather_cache_finished left_before: rows=15 unique_keys=15 duplicate_keys=0 keys=['match_id']
[MERGE_QC] weather_cache_finished right: rows=8 unique_keys=8 duplicate_keys=0 keys=['match_id']
[MERGE_QC] weather_cache_finished indicator={'left_only': 15, 'right_only': 0, 'both': 0}
[MERGE_QC][WARN] weather_cache_finished: left_only=15 -> /Users/dev_tomo/Desktop/tt_prj_restart/data/reports/merge_qc/j1_2026/weather_cache_finished_left_only.csv
                match_id home_team away_team
  j1_2026_02061903_京都_神戸        京都        神戸
j1_2026_02071335_FC東京_鹿島      FC東京        鹿島
j1_2026_02071603_Ｃ大阪_Ｇ大阪       Ｃ大阪       Ｇ大阪
  j1_2026_02081308_福岡_岡山        福岡        岡山
  j1_2026_02141403_町田_水戸        町田        水戸
j1_2026_02141503_FC東京_浦和      FC東京        浦和
  j1_2026_02141403_広島_岡山        広島        岡山
  j1_2026_02141403_清水_京都        清水        京都
 j1_2026_02151303_千葉_川崎Ｆ        千葉       川崎Ｆ
j1_2026_02151603_Ｇ大阪_名古屋       Ｇ大阪       名古屋
[MISSING_QC][INFO] after_weather_cache_future is_rain: missing_rate=0.00%
[MISSING_QC][INFO] after_weather_cache_future is_heavy_rain: missing_rate=0.00%
[MISSING_QC][INFO] after_weather_cache_future is_strong_wind: missing_rate=0.00%
[MISSING_QC][INFO] after_weather_cache_future weather_missing: missing_rate=0.00%
[MISSING_QC][INFO] after_weather_cache_finished is_rain: missing_rate=0.00%
[MISSING_QC][INFO] after_weather_cache_finished is_heavy_rain: missing_rate=0.00%
[MISSING_QC][INFO] after_weather_cache_finished is_strong_wind: missing_rate=0.00%
[MISSING_QC][INFO] after_weather_cache_finished weather_missing: missing_rate=0.00%
天候キャッシュを /Users/dev_tomo/Desktop/tt_prj_restart/data/weather_snapshots/weather_features_j1_2026_asof_20260304.csv から読み込みました。
[MERGE_QC] stats_future_home left_before: rows=160 unique_keys=20 duplicate_keys=140 keys=['_merge_home_team']
[MERGE_QC] stats_future_home right: rows=20 unique_keys=20 duplicate_keys=0 keys=['_merge_team_name']
[MERGE_QC] stats_future_home result: rows_before=160 rows_after=160 delta=0 validate=many_to_one indicator={'both': 160, 'left_only': 0, 'right_only': 0}
[MERGE_QC] stats_future_home: left_only=0
[MERGE_QC] stats_future_away left_before: rows=160 unique_keys=21 duplicate_keys=139 keys=['_merge_away_team']
[MERGE_QC] stats_future_away right: rows=20 unique_keys=20 duplicate_keys=0 keys=['_merge_team_name']
[MERGE_QC] stats_future_away result: rows_before=160 rows_after=160 delta=0 validate=many_to_one indicator={'both': 140, 'left_only': 20, 'right_only': 0}
[MERGE_QC][WARN] stats_future_away: left_only=20
                match_id home_team away_team _merge_away_team _merge_team_name
  j1_2026_05301400_広島_未定        広島        未定               未定              NaN
 j1_2026_05301500_Ｃ大阪_未定       Ｃ大阪        未定               未定              NaN
  j1_2026_05301500_神戸_未定        神戸        未定               未定              NaN
 j1_2026_05301600_Ｇ大阪_未定       Ｇ大阪        未定               未定              NaN
  j1_2026_05301600_福岡_未定        福岡        未定               未定              NaN
  j1_2026_05301700_長崎_未定        長崎        未定               未定              NaN
  j1_2026_05301900_京都_未定        京都        未定               未定              NaN
  j1_2026_05311400_清水_未定        清水        未定               未定              NaN
  j1_2026_06061400_千葉_未定        千葉        未定               未定              NaN
j1_2026_06061400_FC東京_未定      FC東京        未定               未定              NaN
[MERGE_QC] stats_future_away: left_only CSV保存 -> /Users/dev_tomo/Desktop/tt_prj_restart/data/reports/merge_qc/j1_2026/stats_future_away_left_only.csv
[MERGE_QC] stats_finished_home left_before: rows=15 unique_keys=13 duplicate_keys=2 keys=['_merge_home_team']
[MERGE_QC] stats_finished_home right: rows=20 unique_keys=20 duplicate_keys=0 keys=['_merge_team_name']
[MERGE_QC] stats_finished_home result: rows_before=15 rows_after=15 delta=0 validate=many_to_one indicator={'both': 15, 'left_only': 0, 'right_only': 0}
[MERGE_QC] stats_finished_home: left_only=0
[MERGE_QC] stats_finished_away left_before: rows=15 unique_keys=12 duplicate_keys=3 keys=['_merge_away_team']
[MERGE_QC] stats_finished_away right: rows=20 unique_keys=20 duplicate_keys=0 keys=['_merge_team_name']
[MERGE_QC] stats_finished_away result: rows_before=15 rows_after=15 delta=0 validate=many_to_one indicator={'both': 15, 'left_only': 0, 'right_only': 0}
[MERGE_QC] stats_finished_away: left_only=0
[MISSING_QC][INFO] after_stats_future is_rain: missing_rate=0.00%
[MISSING_QC][INFO] after_stats_future is_heavy_rain: missing_rate=0.00%
[MISSING_QC][INFO] after_stats_future is_strong_wind: missing_rate=0.00%
[MISSING_QC][INFO] after_stats_future weather_missing: missing_rate=0.00%
[MISSING_QC][INFO] after_stats_future stats_ゴール期待値_home: missing_rate=0.00%
[MISSING_QC][WARN] after_stats_future stats_ゴール期待値_away: missing_rate=12.50%
[MISSING_QC][INFO] after_stats_finished is_rain: missing_rate=0.00%
[MISSING_QC][INFO] after_stats_finished is_heavy_rain: missing_rate=0.00%
[MISSING_QC][INFO] after_stats_finished is_strong_wind: missing_rate=0.00%
[MISSING_QC][INFO] after_stats_finished weather_missing: missing_rate=0.00%
[MISSING_QC][INFO] after_stats_finished stats_ゴール期待値_home: missing_rate=0.00%
[MISSING_QC][INFO] after_stats_finished stats_ゴール期待値_away: missing_rate=0.00%
[MERGE_QC] management_future_home left_before: rows=160 unique_keys=20 duplicate_keys=140 keys=['_merge_home_team']
[MERGE_QC] management_future_home right: rows=20 unique_keys=20 duplicate_keys=0 keys=['_merge_team_name']
[MERGE_QC] management_future_home result: rows_before=160 rows_after=160 delta=0 validate=many_to_one indicator={'both': 160, 'left_only': 0, 'right_only': 0}
[MERGE_QC] management_future_home: left_only=0
[MERGE_QC] management_future_away left_before: rows=160 unique_keys=21 duplicate_keys=139 keys=['_merge_away_team']
[MERGE_QC] management_future_away right: rows=20 unique_keys=20 duplicate_keys=0 keys=['_merge_team_name']
[MERGE_QC] management_future_away result: rows_before=160 rows_after=160 delta=0 validate=many_to_one indicator={'both': 140, 'left_only': 20, 'right_only': 0}
[MERGE_QC][WARN] management_future_away: left_only=20
                match_id home_team away_team _merge_away_team _merge_team_name
  j1_2026_05301400_広島_未定        広島        未定               未定              NaN
 j1_2026_05301500_Ｃ大阪_未定       Ｃ大阪        未定               未定              NaN
  j1_2026_05301500_神戸_未定        神戸        未定               未定              NaN
 j1_2026_05301600_Ｇ大阪_未定       Ｇ大阪        未定               未定              NaN
  j1_2026_05301600_福岡_未定        福岡        未定               未定              NaN
  j1_2026_05301700_長崎_未定        長崎        未定               未定              NaN
  j1_2026_05301900_京都_未定        京都        未定               未定              NaN
  j1_2026_05311400_清水_未定        清水        未定               未定              NaN
  j1_2026_06061400_千葉_未定        千葉        未定               未定              NaN
j1_2026_06061400_FC東京_未定      FC東京        未定               未定              NaN
[MERGE_QC] management_future_away: left_only CSV保存 -> /Users/dev_tomo/Desktop/tt_prj_restart/data/reports/merge_qc/j1_2026/management_future_away_left_only.csv
[MERGE_QC] management_finished_home left_before: rows=15 unique_keys=13 duplicate_keys=2 keys=['_merge_home_team']
[MERGE_QC] management_finished_home right: rows=20 unique_keys=20 duplicate_keys=0 keys=['_merge_team_name']
[MERGE_QC] management_finished_home result: rows_before=15 rows_after=15 delta=0 validate=many_to_one indicator={'both': 15, 'left_only': 0, 'right_only': 0}
[MERGE_QC] management_finished_home: left_only=0
[MERGE_QC] management_finished_away left_before: rows=15 unique_keys=12 duplicate_keys=3 keys=['_merge_away_team']
[MERGE_QC] management_finished_away right: rows=20 unique_keys=20 duplicate_keys=0 keys=['_merge_team_name']
[MERGE_QC] management_finished_away result: rows_before=15 rows_after=15 delta=0 validate=many_to_one indicator={'both': 15, 'left_only': 0, 'right_only': 0}
[MERGE_QC] management_finished_away: left_only=0
[MISSING_QC][INFO] after_management_future is_rain: missing_rate=0.00%
[MISSING_QC][INFO] after_management_future is_heavy_rain: missing_rate=0.00%
[MISSING_QC][INFO] after_management_future is_strong_wind: missing_rate=0.00%
[MISSING_QC][INFO] after_management_future weather_missing: missing_rate=0.00%
[MISSING_QC][INFO] after_management_future stats_ゴール期待値_home: missing_rate=0.00%
[MISSING_QC][WARN] after_management_future stats_ゴール期待値_away: missing_rate=12.50%
[MISSING_QC][INFO] after_management_future management_recent_injuries_suspensions_count_home: missing_rate=0.00%
[MISSING_QC][WARN] after_management_future management_recent_injuries_suspensions_count_away: missing_rate=12.50%
[MISSING_QC][INFO] after_management_finished is_rain: missing_rate=0.00%
[MISSING_QC][INFO] after_management_finished is_heavy_rain: missing_rate=0.00%
[MISSING_QC][INFO] after_management_finished is_strong_wind: missing_rate=0.00%
[MISSING_QC][INFO] after_management_finished weather_missing: missing_rate=0.00%
[MISSING_QC][INFO] after_management_finished stats_ゴール期待値_home: missing_rate=0.00%
[MISSING_QC][INFO] after_management_finished stats_ゴール期待値_away: missing_rate=0.00%
[MISSING_QC][INFO] after_management_finished management_recent_injuries_suspensions_count_home: missing_rate=0.00%
[MISSING_QC][INFO] after_management_finished management_recent_injuries_suspensions_count_away: missing_rate=0.00%
[MERGE_QC] rankmot_future_home left_before: rows=160 unique_keys=20 duplicate_keys=140 keys=['_merge_home_team']
[MERGE_QC] rankmot_future_home right: rows=20 unique_keys=20 duplicate_keys=0 keys=['_merge_team_name']
[MERGE_QC] rankmot_future_home result: rows_before=160 rows_after=160 delta=0 validate=many_to_one indicator={'both': 160, 'left_only': 0, 'right_only': 0}
[MERGE_QC] rankmot_future_home: left_only=0
[MERGE_QC] rankmot_future_away left_before: rows=160 unique_keys=21 duplicate_keys=139 keys=['_merge_away_team']
[MERGE_QC] rankmot_future_away right: rows=20 unique_keys=20 duplicate_keys=0 keys=['_merge_team_name']
[MERGE_QC] rankmot_future_away result: rows_before=160 rows_after=160 delta=0 validate=many_to_one indicator={'both': 140, 'left_only': 20, 'right_only': 0}
[MERGE_QC][WARN] rankmot_future_away: left_only=20
                match_id home_team away_team _merge_away_team _merge_team_name
  j1_2026_05301400_広島_未定        広島        未定               未定              NaN
 j1_2026_05301500_Ｃ大阪_未定       Ｃ大阪        未定               未定              NaN
  j1_2026_05301500_神戸_未定        神戸        未定               未定              NaN
 j1_2026_05301600_Ｇ大阪_未定       Ｇ大阪        未定               未定              NaN
  j1_2026_05301600_福岡_未定        福岡        未定               未定              NaN
  j1_2026_05301700_長崎_未定        長崎        未定               未定              NaN
  j1_2026_05301900_京都_未定        京都        未定               未定              NaN
  j1_2026_05311400_清水_未定        清水        未定               未定              NaN
  j1_2026_06061400_千葉_未定        千葉        未定               未定              NaN
j1_2026_06061400_FC東京_未定      FC東京        未定               未定              NaN
[MERGE_QC] rankmot_future_away: left_only CSV保存 -> /Users/dev_tomo/Desktop/tt_prj_restart/data/reports/merge_qc/j1_2026/rankmot_future_away_left_only.csv
[MERGE_QC] rankmot_finished_home left_before: rows=15 unique_keys=13 duplicate_keys=2 keys=['_merge_home_team']
[MERGE_QC] rankmot_finished_home right: rows=20 unique_keys=20 duplicate_keys=0 keys=['_merge_team_name']
[MERGE_QC] rankmot_finished_home result: rows_before=15 rows_after=15 delta=0 validate=many_to_one indicator={'both': 15, 'left_only': 0, 'right_only': 0}
[MERGE_QC] rankmot_finished_home: left_only=0
[MERGE_QC] rankmot_finished_away left_before: rows=15 unique_keys=12 duplicate_keys=3 keys=['_merge_away_team']
[MERGE_QC] rankmot_finished_away right: rows=20 unique_keys=20 duplicate_keys=0 keys=['_merge_team_name']
[MERGE_QC] rankmot_finished_away result: rows_before=15 rows_after=15 delta=0 validate=many_to_one indicator={'both': 15, 'left_only': 0, 'right_only': 0}
[MERGE_QC] rankmot_finished_away: left_only=0
[MISSING_QC][INFO] after_rankmot_future is_rain: missing_rate=0.00%
[MISSING_QC][INFO] after_rankmot_future is_heavy_rain: missing_rate=0.00%
[MISSING_QC][INFO] after_rankmot_future is_strong_wind: missing_rate=0.00%
[MISSING_QC][INFO] after_rankmot_future weather_missing: missing_rate=0.00%
[MISSING_QC][INFO] after_rankmot_future stats_ゴール期待値_home: missing_rate=0.00%
[MISSING_QC][WARN] after_rankmot_future stats_ゴール期待値_away: missing_rate=12.50%
[MISSING_QC][INFO] after_rankmot_future management_recent_injuries_suspensions_count_home: missing_rate=0.00%
[MISSING_QC][WARN] after_rankmot_future management_recent_injuries_suspensions_count_away: missing_rate=12.50%
[MISSING_QC][INFO] after_rankmot_finished is_rain: missing_rate=0.00%
[MISSING_QC][INFO] after_rankmot_finished is_heavy_rain: missing_rate=0.00%
[MISSING_QC][INFO] after_rankmot_finished is_strong_wind: missing_rate=0.00%
[MISSING_QC][INFO] after_rankmot_finished weather_missing: missing_rate=0.00%
[MISSING_QC][INFO] after_rankmot_finished stats_ゴール期待値_home: missing_rate=0.00%
[MISSING_QC][INFO] after_rankmot_finished stats_ゴール期待値_away: missing_rate=0.00%
[MISSING_QC][INFO] after_rankmot_finished management_recent_injuries_suspensions_count_home: missing_rate=0.00%
[MISSING_QC][INFO] after_rankmot_finished management_recent_injuries_suspensions_count_away: missing_rate=0.00%
[ABSENCE] 取り込み完了: src_rows=26, expanded=173, team_round_rows=148
[MERGE_QC] absence_future_home left_before: rows=160 unique_keys=160 duplicate_keys=0 keys=['_season', '_merge_home_team', '_round_no']
[MERGE_QC] absence_future_home right: rows=148 unique_keys=148 duplicate_keys=0 keys=['season', '_merge_team_name', 'round_no']
[MERGE_QC] absence_future_home result: rows_before=160 rows_after=160 delta=0 validate=many_to_one indicator={'left_only': 140, 'both': 20, 'right_only': 0}
[MERGE_QC][WARN] absence_future_home: left_only=140
                  match_id home_team away_team  _season _merge_home_team  _round_no  season _merge_team_name  round_no
     j1_2026_03071300_千葉_柏        千葉         柏     2026               千葉          5     NaN              NaN       NaN
j1_2026_03071400_FC東京_横浜FM      FC東京      横浜FM     2026             FC東京          5     NaN              NaN       NaN
    j1_2026_03071500_浦和_水戸        浦和        水戸     2026               浦和          5     NaN              NaN       NaN
   j1_2026_03071600_鹿島_東京Ｖ        鹿島       東京Ｖ     2026               鹿島          5     NaN              NaN       NaN
   j1_2026_03071600_福岡_名古屋        福岡       名古屋     2026               福岡          5     NaN              NaN       NaN
    j1_2026_03081255_岡山_京都        岡山        京都     2026               岡山          5     NaN              NaN       NaN
  j1_2026_03141300_横浜FM_千葉      横浜FM        千葉     2026             横浜FM          6     NaN              NaN       NaN
  j1_2026_03141400_水戸_FC東京        水戸      FC東京     2026               水戸          6     NaN              NaN       NaN
     j1_2026_03141400_柏_町田         柏        町田     2026                柏          6     NaN              NaN       NaN
   j1_2026_03141500_鹿島_川崎Ｆ        鹿島       川崎Ｆ     2026               鹿島          6     NaN              NaN       NaN
[MERGE_QC] absence_future_home: left_only CSV保存 -> /Users/dev_tomo/Desktop/tt_prj_restart/data/reports/merge_qc/j1_2026/absence_future_home_left_only.csv
[MERGE_QC] absence_future_away left_before: rows=160 unique_keys=142 duplicate_keys=18 keys=['_season', '_merge_away_team', '_round_no']
[MERGE_QC] absence_future_away right: rows=148 unique_keys=148 duplicate_keys=0 keys=['season', '_merge_team_name', 'round_no']
[MERGE_QC] absence_future_away result: rows_before=160 rows_after=160 delta=0 validate=many_to_one indicator={'left_only': 140, 'both': 20, 'right_only': 0}
[MERGE_QC][WARN] absence_future_away: left_only=140
                  match_id home_team away_team  _season _merge_away_team  _round_no  season _merge_team_name  round_no
j1_2026_03071400_FC東京_横浜FM      FC東京      横浜FM     2026             横浜FM          5     NaN              NaN       NaN
    j1_2026_03071500_浦和_水戸        浦和        水戸     2026               水戸          5     NaN              NaN       NaN
   j1_2026_03071600_鹿島_東京Ｖ        鹿島       東京Ｖ     2026              東京V          5     NaN              NaN       NaN
   j1_2026_03071500_Ｃ大阪_清水       Ｃ大阪        清水     2026               清水          5     NaN              NaN       NaN
    j1_2026_03081255_岡山_京都        岡山        京都     2026               京都          5     NaN              NaN       NaN
   j1_2026_03081500_Ｇ大阪_長崎       Ｇ大阪        長崎     2026               長崎          5     NaN              NaN       NaN
  j1_2026_03141300_横浜FM_千葉      横浜FM        千葉     2026               千葉          6     NaN              NaN       NaN
  j1_2026_03141400_水戸_FC東京        水戸      FC東京     2026             FC東京          6     NaN              NaN       NaN
     j1_2026_03141400_柏_町田         柏        町田     2026               町田          6     NaN              NaN       NaN
   j1_2026_03141500_鹿島_川崎Ｆ        鹿島       川崎Ｆ     2026              川崎F          6     NaN              NaN       NaN
[MERGE_QC] absence_future_away: left_only CSV保存 -> /Users/dev_tomo/Desktop/tt_prj_restart/data/reports/merge_qc/j1_2026/absence_future_away_left_only.csv
[MERGE_QC] absence_finished_home left_before: rows=15 unique_keys=15 duplicate_keys=0 keys=['_season', '_merge_home_team', '_round_no']
[MERGE_QC] absence_finished_home right: rows=148 unique_keys=148 duplicate_keys=0 keys=['season', '_merge_team_name', 'round_no']
[MERGE_QC] absence_finished_home result: rows_before=15 rows_after=15 delta=0 validate=many_to_one indicator={'left_only': 14, 'both': 1, 'right_only': 0}
[MERGE_QC][WARN] absence_finished_home: left_only=14
                match_id home_team away_team  _season _merge_home_team  _round_no  season _merge_team_name  round_no
  j1_2026_02061903_京都_神戸        京都        神戸     2026               京都          1     NaN              NaN       NaN
j1_2026_02071335_FC東京_鹿島      FC東京        鹿島     2026             FC東京          1     NaN              NaN       NaN
j1_2026_02071603_Ｃ大阪_Ｇ大阪       Ｃ大阪       Ｇ大阪     2026              C大阪          1     NaN              NaN       NaN
  j1_2026_02081308_福岡_岡山        福岡        岡山     2026               福岡          1     NaN              NaN       NaN
  j1_2026_02141403_町田_水戸        町田        水戸     2026               町田          2     NaN              NaN       NaN
j1_2026_02141503_FC東京_浦和      FC東京        浦和     2026             FC東京          2     NaN              NaN       NaN
  j1_2026_02141403_広島_岡山        広島        岡山     2026               広島          2     NaN              NaN       NaN
  j1_2026_02141403_清水_京都        清水        京都     2026               清水          2     NaN              NaN       NaN
 j1_2026_02151303_千葉_川崎Ｆ        千葉       川崎Ｆ     2026               千葉          2     NaN              NaN       NaN
j1_2026_02151603_Ｇ大阪_名古屋       Ｇ大阪       名古屋     2026              G大阪          2     NaN              NaN       NaN
[MERGE_QC] absence_finished_home: left_only CSV保存 -> /Users/dev_tomo/Desktop/tt_prj_restart/data/reports/merge_qc/j1_2026/absence_finished_home_left_only.csv
[MERGE_QC] absence_finished_away left_before: rows=15 unique_keys=15 duplicate_keys=0 keys=['_season', '_merge_away_team', '_round_no']
[MERGE_QC] absence_finished_away right: rows=148 unique_keys=148 duplicate_keys=0 keys=['season', '_merge_team_name', 'round_no']
[MERGE_QC] absence_finished_away result: rows_before=15 rows_after=15 delta=0 validate=many_to_one indicator={'left_only': 13, 'both': 2, 'right_only': 0}
[MERGE_QC][WARN] absence_finished_away: left_only=13
                match_id home_team away_team  _season _merge_away_team  _round_no  season _merge_team_name  round_no
  j1_2026_02061903_京都_神戸        京都        神戸     2026               神戸          1     NaN              NaN       NaN
j1_2026_02071335_FC東京_鹿島      FC東京        鹿島     2026               鹿島          1     NaN              NaN       NaN
j1_2026_02071603_Ｃ大阪_Ｇ大阪       Ｃ大阪       Ｇ大阪     2026              G大阪          1     NaN              NaN       NaN
  j1_2026_02081308_福岡_岡山        福岡        岡山     2026               岡山          1     NaN              NaN       NaN
  j1_2026_02141403_町田_水戸        町田        水戸     2026               水戸          2     NaN              NaN       NaN
j1_2026_02141503_FC東京_浦和      FC東京        浦和     2026               浦和          2     NaN              NaN       NaN
  j1_2026_02141403_広島_岡山        広島        岡山     2026               岡山          2     NaN              NaN       NaN
  j1_2026_02141403_清水_京都        清水        京都     2026               京都          2     NaN              NaN       NaN
 j1_2026_02151303_千葉_川崎Ｆ        千葉       川崎Ｆ     2026              川崎F          2     NaN              NaN       NaN
j1_2026_02151603_Ｇ大阪_名古屋       Ｇ大阪       名古屋     2026              名古屋          2     NaN              NaN       NaN
[MERGE_QC] absence_finished_away: left_only CSV保存 -> /Users/dev_tomo/Desktop/tt_prj_restart/data/reports/merge_qc/j1_2026/absence_finished_away_left_only.csv
[MISSING_QC][INFO] after_absence_future is_rain: missing_rate=0.00%
[MISSING_QC][INFO] after_absence_future is_heavy_rain: missing_rate=0.00%
[MISSING_QC][INFO] after_absence_future is_strong_wind: missing_rate=0.00%
[MISSING_QC][INFO] after_absence_future weather_missing: missing_rate=0.00%
[MISSING_QC][INFO] after_absence_future stats_ゴール期待値_home: missing_rate=0.00%
[MISSING_QC][WARN] after_absence_future stats_ゴール期待値_away: missing_rate=12.50%
[MISSING_QC][INFO] after_absence_future management_recent_injuries_suspensions_count_home: missing_rate=0.00%
[MISSING_QC][WARN] after_absence_future management_recent_injuries_suspensions_count_away: missing_rate=12.50%
[MISSING_QC][INFO] after_absence_finished is_rain: missing_rate=0.00%
[MISSING_QC][INFO] after_absence_finished is_heavy_rain: missing_rate=0.00%
[MISSING_QC][INFO] after_absence_finished is_strong_wind: missing_rate=0.00%
[MISSING_QC][INFO] after_absence_finished weather_missing: missing_rate=0.00%
[MISSING_QC][INFO] after_absence_finished stats_ゴール期待値_home: missing_rate=0.00%
[MISSING_QC][INFO] after_absence_finished stats_ゴール期待値_away: missing_rate=0.00%
[MISSING_QC][INFO] after_absence_finished management_recent_injuries_suspensions_count_home: missing_rate=0.00%
[MISSING_QC][INFO] after_absence_finished management_recent_injuries_suspensions_count_away: missing_rate=0.00%
移動距離データを /Users/dev_tomo/Desktop/tt_prj_restart/data/team_travel_distances.csv から読み込みました。
[FORCE] 前年最終ELOキャッシュを再利用しません: /Users/dev_tomo/Desktop/tt_prj_restart/data/j1_2025_final_elo.csv
前年最終ELOを作成しました: /Users/dev_tomo/Desktop/tt_prj_restart/data/j1_2025_final_elo.csv (20チーム)
J1許可チームを team_master_stats + 前年J2上位から推定しました: 20 (/Users/dev_tomo/Desktop/tt_prj_restart/data/stats_snapshots/team_master_stats_j1_2026_asof_20260304.csv)
[DRAW_ASSIGN] round=第5節 matches=10 Expected_draws_raw=2.39 Expected_draws_scaled=2.39 target_draw_count=2 Assigned_D=2 overwrite_targets=[j1_2026_03271900_神戸_広島,j1_2026_03071600_福岡_名古屋]
[DRAW_ASSIGN] round=第6節 matches=10 Expected_draws_raw=2.40 Expected_draws_scaled=2.40 target_draw_count=2 Assigned_D=2 overwrite_targets=[j1_2026_03141300_横浜FM_千葉,j1_2026_03141400_水戸_FC東京]
[DRAW_ASSIGN] round=第7節 matches=10 Expected_draws_raw=2.43 Expected_draws_scaled=2.43 target_draw_count=2 Assigned_D=2 overwrite_targets=[j1_2026_03181900_千葉_FC東京,j1_2026_03181900_東京Ｖ_川崎Ｆ]
[DRAW_ASSIGN] round=第8節 matches=10 Expected_draws_raw=2.39 Expected_draws_scaled=2.39 target_draw_count=2 Assigned_D=2 overwrite_targets=[j1_2026_03211430_福岡_Ｇ大阪,j1_2026_03211400_岡山_長崎]
[DRAW_ASSIGN] round=第9節 matches=10 Expected_draws_raw=2.40 Expected_draws_scaled=2.40 target_draw_count=2 Assigned_D=2 overwrite_targets=[j1_2026_04051500_FC東京_町田,j1_2026_04051600_川崎Ｆ_浦和]
[DRAW_ASSIGN] round=第10節 matches=10 Expected_draws_raw=2.38 Expected_draws_scaled=2.38 target_draw_count=2 Assigned_D=2 overwrite_targets=[j1_2026_04111500_横浜FM_FC東京,j1_2026_04111400_福岡_長崎]
[DRAW_ASSIGN] round=第11節 matches=10 Expected_draws_raw=2.40 Expected_draws_scaled=2.40 target_draw_count=2 Assigned_D=2 overwrite_targets=[j1_2026_04181300_横浜FM_川崎Ｆ,j1_2026_04191600_名古屋_福岡]
[DRAW_ASSIGN] round=第12節 matches=10 Expected_draws_raw=2.45 Expected_draws_scaled=2.45 target_draw_count=2 Assigned_D=2 overwrite_targets=[j1_2026_04251400_岡山_福岡,j1_2026_04251830_長崎_Ｇ大阪]
[DRAW_ASSIGN] round=第13節 matches=10 Expected_draws_raw=2.40 Expected_draws_scaled=2.40 target_draw_count=2 Assigned_D=2 overwrite_targets=[j1_2026_04291600_水戸_町田,j1_2026_04291300_清水_長崎]
[DRAW_ASSIGN] round=第14節 matches=10 Expected_draws_raw=2.39 Expected_draws_scaled=2.39 target_draw_count=2 Assigned_D=2 overwrite_targets=[j1_2026_05021500_Ｇ大阪_神戸,j1_2026_05021400_横浜FM_水戸]
[DRAW_ASSIGN] round=第15節 matches=10 Expected_draws_raw=2.38 Expected_draws_scaled=2.38 target_draw_count=2 Assigned_D=2 overwrite_targets=[j1_2026_05061300_清水_Ｃ大阪,j1_2026_05061400_名古屋_Ｇ大阪]
[DRAW_ASSIGN] round=第16節 matches=10 Expected_draws_raw=2.41 Expected_draws_scaled=2.41 target_draw_count=2 Assigned_D=2 overwrite_targets=[j1_2026_05101400_清水_福岡,j1_2026_05091400_水戸_浦和]
[DRAW_ASSIGN] round=第17節 matches=10 Expected_draws_raw=2.43 Expected_draws_scaled=2.43 target_draw_count=2 Assigned_D=2 overwrite_targets=[j1_2026_05171900_川崎Ｆ_町田,j1_2026_05171400_岡山_清水]
[DRAW_ASSIGN] round=第18節 matches=10 Expected_draws_raw=2.39 Expected_draws_scaled=2.39 target_draw_count=2 Assigned_D=2 overwrite_targets=[j1_2026_05241400_東京Ｖ_横浜FM,j1_2026_05241400_水戸_川崎Ｆ]
[CONSISTENCY:PRED] raw_vs_final_diff_rows=28
[DECISION_RULE] FORCE_DRAW_BY_EXPECTATION_ASSIGN > ARGMAX
[PRED_DIST_FINAL:PRED] rows=140 H=55.0% (77) D=20.0% (28) A=25.0% (35) col=final_result
[PRED_DIST_ARGMAX:PRED] rows=140 H=65.7% (92) D=0.0% (0) A=34.3% (48)
[PROB_MEAN:PRED] rows=140 cols=('prob_home_win', 'prob_draw', 'prob_away_win') home=0.3993 draw=0.2402 away=0.3605
[FORCE_DRAW_COUNT:PRED] rows=140 force_draw=28
[PRED_DIST_FINAL:PRED:league=j1] rows=140 H=55.0% (77) D=20.0% (28) A=25.0% (35)
[PRED_DIST_ARGMAX:PRED:league=j1] rows=140 H=65.7% (92) D=0.0% (0) A=34.3% (48)
[PROB_MEAN:PRED:league=j1] rows=140 home=0.3993 draw=0.2402 away=0.3605
[FORCE_DRAW_COUNT:PRED:league=j1] rows=140 force_draw=28
[PRED_DIST:PRED] scope=all rows=140 H=55.0% (77) D=20.0% (28) A=25.0% (35)
[WARN] フィルタ未指定のため全件集計
[PRED_DIST:PRED] scope=round:ALL rows=140 H=55.0% (77) D=20.0% (28) A=25.0% (35)
[PRED_CHECK:PRED] raw_argmax_vs_cal_argmax_match_rate=100.0% pred_vs_highest_match_rate=80.0%
[PRED_CHECK:PRED] draw_delta(mean/max/plus_count)=0.000000/0.000000/0
[PRED_CHECK:PRED] predicted_result_ratio(H/D/A)=55.0%/20.0%/25.0%
[PRED_CHECK:PRED] highest_vs_raw_argmax_mismatch=0
[PRED_CHECK:PRED][WARN] predicted_vs_cal_argmax_mismatch=28 match_ids=['j1_2026_03071600_福岡_名古屋', 'j1_2026_03141300_横浜FM_千葉', 'j1_2026_03141400_水戸_FC東京', 'j1_2026_03181900_千葉_FC東京', 'j1_2026_03181900_東京Ｖ_川崎Ｆ', 'j1_2026_03211400_岡山_長崎', 'j1_2026_03211430_福岡_Ｇ大阪', 'j1_2026_03271900_神戸_広島', 'j1_2026_04051500_FC東京_町田', 'j1_2026_04051600_川崎Ｆ_浦和', 'j1_2026_04111500_横浜FM_FC東京', 'j1_2026_04111400_福岡_長崎', 'j1_2026_04181300_横浜FM_川崎Ｆ', 'j1_2026_04191600_名古屋_福岡', 'j1_2026_04251400_岡山_福岡', 'j1_2026_04251830_長崎_Ｇ大阪', 'j1_2026_04291600_水戸_町田', 'j1_2026_04291300_清水_長崎', 'j1_2026_05021400_横浜FM_水戸', 'j1_2026_05021500_Ｇ大阪_神戸', 'j1_2026_05061300_清水_Ｃ大阪', 'j1_2026_05061400_名古屋_Ｇ大阪', 'j1_2026_05091400_水戸_浦和', 'j1_2026_05101400_清水_福岡', 'j1_2026_05171900_川崎Ｆ_町田', 'j1_2026_05171400_岡山_清水', 'j1_2026_05241400_水戸_川崎Ｆ', 'j1_2026_05241400_東京Ｖ_横浜FM']
[PRED_SUMMARY] rows=140 avg_prob_draw=0.240 sum_prob_draw=33.625 predicted_D_count=28 ELO_DIFF_SCALE=1.00 legacy_draw_adjustment=disabled
[ELO_SIGN_CHECK:PRED_RAW] diff_col=elo_diff_for_prob prob_cols=(prob_home_win_before_signfix,prob_away_win_before_signfix) neg_diff_cases=48 violated=48 rate=100.00% pos_diff_cases=92 violated=0 rate=0.00%
[ELO_SIGN_CHECK:PRED_POST] diff_col=elo_diff_for_prob prob_cols=(prob_home_win_raw,prob_away_win_raw) neg_diff_cases=48 violated=0 rate=0.00% pos_diff_cases=92 violated=0 rate=0.00%
[PROB_DRAW_DIST:PRED] rows=140 min=0.210 p05=0.221 p25=0.234 p50=0.242 p75=0.249 p95=0.254 max=0.255
[DRAW_ARGMAX:PRED] rows=140 prob_draw_argmax_count=0 prob_draw_ge_0.23_count=109
[ACTUAL_HDA:PRED] unavailable
[ABSENCE_EFFECTIVE][PRED] rows=140 missing_home_count=120 missing_away_count=120 missing_any_row_count=132 effective_total_home_avg=0.0451 effective_total_home_max=0.1000 effective_total_away_avg=0.0466 effective_total_away_max=0.1000 cap_applied_home_count=0 cap_applied_away_count=0 baseline_total=0.0500 cap_total=0.2500
[WARN] toto対象の抽出件数が13ではありません: rows=0 (LEAGUE=j1)
[ROUND_SUMMARY] filter=toto_order_csv=toto並び順.csv rows=0
[PRED_RATIO] H=0.0% (0) D=0.0% (0) A=0.0% (0)
[ACTUAL_RATIO] unavailable (scores not found or not finished)
[ROUND_SUMMARY_CSV] saved=/Users/dev_tomo/Desktop/tt_prj_restart/data/reports/merge_qc/j1_2026/round_summary_toto_order_csv_toto_.csv.csv
[MISSING_QC][INFO] final_predictions_df is_rain: missing_rate=0.00%
[MISSING_QC][INFO] final_predictions_df is_heavy_rain: missing_rate=0.00%
[MISSING_QC][INFO] final_predictions_df is_strong_wind: missing_rate=0.00%
[MISSING_QC][INFO] final_predictions_df weather_missing: missing_rate=0.00%
[MISSING_QC][INFO] final_predictions_df stats_ゴール期待値_home: missing_rate=0.00%
[MISSING_QC][INFO] final_predictions_df stats_ゴール期待値_away: missing_rate=0.00%
[MISSING_QC][INFO] final_predictions_df stats_home_missing: missing_rate=0.00%
[MISSING_QC][INFO] final_predictions_df stats_away_missing: missing_rate=0.00%
[MISSING_QC][INFO] final_predictions_df management_recent_injuries_suspensions_count_home: missing_rate=0.00%
[MISSING_QC][INFO] final_predictions_df management_recent_injuries_suspensions_count_away: missing_rate=0.00%
[MISSING_QC][INFO] final_predictions_df management_missing: missing_rate=0.00%
[MISSING_QC][INFO] final_predictions_df data_quality_warn: missing_rate=0.00%
予測結果を /Users/dev_tomo/Desktop/tt_prj_restart/j1_2026_predictions_hfa_on.csv に出力しました。
[LEGACY_ALIAS] 互換出力を更新しました: /Users/dev_tomo/Desktop/tt_prj_restart/j1_2026_predictions.csv
[DRAW_ASSIGN] round=第1節 matches=4 Expected_draws_raw=0.98 Expected_draws_scaled=0.98 target_draw_count=1 Assigned_D=1 overwrite_targets=[j1_2026_02071603_Ｃ大阪_Ｇ大阪]
[DRAW_ASSIGN] round=第2節 matches=6 Expected_draws_raw=1.43 Expected_draws_scaled=1.43 target_draw_count=1 Assigned_D=1 overwrite_targets=[j1_2026_02141503_FC東京_浦和]
[DRAW_ASSIGN] round=第3節 matches=2 Expected_draws_raw=0.49 Expected_draws_scaled=0.49 target_draw_count=0 Assigned_D=0 overwrite_targets=[]
[DRAW_ASSIGN] round=第4節 matches=3 Expected_draws_raw=0.73 Expected_draws_scaled=0.73 target_draw_count=1 Assigned_D=1 overwrite_targets=[j1_2026_03011403_岡山_名古屋]
[CONSISTENCY:BACKTEST] raw_vs_final_diff_rows=3
[PRED_DIST_FINAL:BACKTEST] rows=15 H=60.0% (9) D=20.0% (3) A=20.0% (3) col=final_result
[PRED_DIST_ARGMAX:BACKTEST] rows=15 H=73.3% (11) D=0.0% (0) A=26.7% (4)
[PROB_MEAN:BACKTEST] rows=15 cols=('prob_home_win', 'prob_draw', 'prob_away_win') home=0.4069 draw=0.2417 away=0.3514
[FORCE_DRAW_COUNT:BACKTEST] rows=15 force_draw=3
[PRED_DIST_FINAL:BACKTEST:league=j1] rows=15 H=60.0% (9) D=20.0% (3) A=20.0% (3)
[PRED_DIST_ARGMAX:BACKTEST:league=j1] rows=15 H=73.3% (11) D=0.0% (0) A=26.7% (4)
[PROB_MEAN:BACKTEST:league=j1] rows=15 home=0.4069 draw=0.2417 away=0.3514
[FORCE_DRAW_COUNT:BACKTEST:league=j1] rows=15 force_draw=3
[PRED_DIST:BACKTEST] scope=all rows=15 H=60.0% (9) D=20.0% (3) A=20.0% (3)
[PRED_CHECK:BACKTEST] raw_argmax_vs_cal_argmax_match_rate=100.0% pred_vs_highest_match_rate=80.0%
[PRED_CHECK:BACKTEST] draw_delta(mean/max/plus_count)=0.000000/0.000000/0
[PRED_CHECK:BACKTEST] predicted_result_ratio(H/D/A)=60.0%/20.0%/20.0%
[PRED_CHECK:BACKTEST] highest_vs_raw_argmax_mismatch=0
[PRED_CHECK:BACKTEST][WARN] predicted_vs_cal_argmax_mismatch=3 match_ids=['j1_2026_02071603_Ｃ大阪_Ｇ大阪', 'j1_2026_02141503_FC東京_浦和', 'j1_2026_03011403_岡山_名古屋']
[BACKTEST_SUMMARY] rows=15 avg_prob_draw=0.242 sum_prob_draw=3.626 predicted_D_count=3 ELO_DIFF_SCALE=1.00 actual_D_rate=1.000 draw_diff_pp=-75.83 legacy_draw_adjustment=disabled
[ELO_SIGN_CHECK:BACKTEST_RAW] diff_col=elo_diff_for_prob prob_cols=(prob_home_win_before_signfix,prob_away_win_before_signfix) neg_diff_cases=4 violated=4 rate=100.00% pos_diff_cases=11 violated=0 rate=0.00%
[ELO_SIGN_CHECK:BACKTEST_POST] diff_col=elo_diff_for_prob prob_cols=(prob_home_win_raw,prob_away_win_raw) neg_diff_cases=4 violated=0 rate=0.00% pos_diff_cases=11 violated=0 rate=0.00%
[FEATURE_DIST:BACKTEST] col=elo_diff_for_prob rows=15 missing=0 unique=15 min=-51.459 p05=-44.442 p25=-0.343 p50=12.283 p75=28.017 p95=55.634 max=76.410
[FEATURE_DIST_STD:BACKTEST] col=elo_diff_for_prob rows=15 min=-1.235 p05=-1.064 p25=0.012 p50=0.320 p75=0.704 p95=1.377 max=1.884
[FEATURE_DIST:BACKTEST] col=abs_elo_diff_for_prob rows=15 missing=0 unique=15 min=1.264 p05=1.744 p25=9.897 p50=27.034 p75=42.831 p95=58.944 max=76.410
[FEATURE_DIST_STD:BACKTEST] col=abs_elo_diff_for_prob rows=15 min=-1.168 p05=-1.150 p25=-0.837 p50=-0.179 p75=0.428 p95=1.047 max=1.718
[FEATURE_DIST:BACKTEST] col=d_scaled rows=15 missing=0 unique=15 min=1.264 p05=1.744 p25=9.897 p50=27.034 p75=42.831 p95=58.944 max=76.410
[FEATURE_DIST_STD:BACKTEST] col=d_scaled rows=15 min=-1.168 p05=-1.150 p25=-0.837 p50=-0.179 p75=0.428 p95=1.047 max=1.718
[FEATURE_DIST:BACKTEST] col=abs_d_scaled rows=15 missing=0 unique=15 min=1.264 p05=1.744 p25=9.897 p50=27.034 p75=42.831 p95=58.944 max=76.410
[FEATURE_DIST_STD:BACKTEST] col=abs_d_scaled rows=15 min=-1.168 p05=-1.150 p25=-0.837 p50=-0.179 p75=0.428 p95=1.047 max=1.718
[PROB_DRAW_DIST:BACKTEST] rows=15 min=0.217 p05=0.227 p25=0.236 p50=0.242 p75=0.250 p95=0.254 max=0.255
[PROB_DIST:BACKTEST] col=prob_home rows=15 min=0.316 p05=0.324 p25=0.383 p50=0.430 p75=0.430 p95=0.451 max=0.455
[PROB_DIST:BACKTEST] col=prob_draw rows=15 min=0.217 p05=0.227 p25=0.236 p50=0.242 p75=0.250 p95=0.254 max=0.255
[PROB_DIST:BACKTEST] col=prob_away rows=15 min=0.315 p05=0.317 p25=0.319 p50=0.328 p75=0.380 p95=0.431 max=0.432
[MAX_PROB_DIST:BACKTEST] rows=15 min=0.430 p05=0.430 p25=0.430 p50=0.430 p75=0.431 p95=0.451 max=0.455
[DRAW_ARGMAX:BACKTEST] rows=15 prob_draw_argmax_count=0 prob_draw_ge_0.23_count=14
[ACTUAL_HDA:BACKTEST] rows=15 H=0.0% (0) D=100.0% (15) A=0.0% (0)
[ABSENCE_EFFECTIVE][BACKTEST] rows=15 missing_home_count=14 missing_away_count=13 missing_any_row_count=15 effective_total_home_avg=0.0533 effective_total_home_max=0.1000 effective_total_away_avg=0.0522 effective_total_away_max=0.1167 cap_applied_home_count=0 cap_applied_away_count=0 baseline_total=0.0500 cap_total=0.2500
[MISSING_QC][INFO] final_backtest_df is_rain: missing_rate=0.00%
[MISSING_QC][INFO] final_backtest_df is_heavy_rain: missing_rate=0.00%
[MISSING_QC][INFO] final_backtest_df is_strong_wind: missing_rate=0.00%
[MISSING_QC][INFO] final_backtest_df weather_missing: missing_rate=0.00%
[MISSING_QC][INFO] final_backtest_df stats_ゴール期待値_home: missing_rate=0.00%
[MISSING_QC][INFO] final_backtest_df stats_ゴール期待値_away: missing_rate=0.00%
[MISSING_QC][INFO] final_backtest_df stats_home_missing: missing_rate=0.00%
[MISSING_QC][INFO] final_backtest_df stats_away_missing: missing_rate=0.00%
[MISSING_QC][INFO] final_backtest_df management_recent_injuries_suspensions_count_home: missing_rate=0.00%
[MISSING_QC][INFO] final_backtest_df management_recent_injuries_suspensions_count_away: missing_rate=0.00%
[MISSING_QC][INFO] final_backtest_df management_missing: missing_rate=0.00%
[MISSING_QC][INFO] final_backtest_df data_quality_warn: missing_rate=0.00%
2025年終了済み試合のバックテスト結果を /Users/dev_tomo/Desktop/tt_prj_restart/backtest_j1_2026.csv に出力しました。
[HFA_APPLY_COUNT] applied=155 skipped=0 reason_counts={"applied": 155}
[ELO_SIGN_FIX_COUNT] total=52 neg_to_away=52 pos_to_home=0 enabled=1
[RUN_META] saved=/Users/dev_tomo/Desktop/tt_prj_restart/j1_2026_predictions_hfa_on.csv.meta.json
Elo確率デバッグCSVを出力しました: /Users/dev_tomo/Desktop/tt_prj_restart/data/reports/elo_prob_debug_j1_2026.csv
2025年シーズン現時点までの累計的中率: 20.00% (3/15)
解析内訳レポートを出力しました: /Users/dev_tomo/Desktop/tt_prj_restart/data/reports/report_j1_2026.json
